2018-10-23 09:09:15 INFO  ApacheHttpClient.sendEvent(470) - responseCode = 200
2018-10-23 09:09:15 INFO  ApacheHttpClient.sendEvent(470) - responseCode = 200
2018-10-23 09:09:16 INFO  ApacheHttpClient.sendEvent(470) - responseCode = 200
2018-10-23 09:09:16 INFO  ApacheHttpClient.sendEvent(470) - responseCode = 200
2018-10-23 09:09:16 INFO  ApacheHttpClient.sendEvent(470) - responseCode = 200
2018-10-23 09:09:16 INFO  ApacheHttpClient.sendEvent(470) - responseCode = 200
2018-10-23 09:09:16 INFO  ApacheHttpClient.sendEvent(470) - responseCode = 200
2018-10-23 09:09:16 INFO  ApacheHttpClient.sendEvent(470) - responseCode = 200
2018-10-23 09:09:16 INFO  ApacheHttpClient.sendEvent(470) - responseCode = 200
2018-10-23 09:09:16 INFO  ApacheHttpClient.sendEvent(470) - responseCode = 200
2018-10-23 09:09:16 INFO  ApacheHttpClient.sendEvent(470) - responseCode = 200
2018-10-23 09:09:16 INFO  ApacheHttpClient.sendEvent(470) - responseCode = 200
2018-10-23 09:09:16 INFO  ApacheHttpClient.sendEvent(470) - responseCode = 200
2018-10-23 09:09:16 INFO  ApacheHttpClient.sendEvent(470) - responseCode = 200
2018-10-23 09:09:17 INFO  ApacheHttpClient.sendEvent(470) - responseCode = 200
2018-10-23 09:09:17 INFO  ApacheHttpClient.sendEvent(470) - responseCode = 200
2018-10-23 09:09:17 INFO  ApacheHttpClient.sendEvent(470) - responseCode = 200
2018-10-23 09:09:17 INFO  ApacheHttpClient.sendEvent(470) - responseCode = 200
2018-10-23 09:09:17 INFO  ApacheHttpClient.sendEvent(470) - responseCode = 200
2018-10-23 09:09:17 INFO  ApacheHttpClient.sendEvent(470) - responseCode = 200
2018-10-23 09:09:17 INFO  ApacheHttpClient.sendEvent(470) - responseCode = 200
2018-10-23 09:09:17 INFO  ApacheHttpClient.sendEvent(470) - responseCode = 200
2018-10-23 09:09:17 INFO  ApacheHttpClient.sendEvent(470) - responseCode = 200
2018-10-23 09:09:17 INFO  ApacheHttpClient.sendEvent(470) - responseCode = 200
2018-10-23 09:09:17 INFO  ApacheHttpClient.sendEvent(470) - responseCode = 200
2018-10-23 09:09:18 INFO  ApacheHttpClient.sendEvent(470) - responseCode = 200
2018-10-23 09:09:18 INFO  ApacheHttpClient.sendEvent(470) - responseCode = 200
2018-10-23 09:09:18 INFO  ApacheHttpClient.sendEvent(470) - responseCode = 200
2018-10-23 09:09:18 INFO  ApacheHttpClient.sendEvent(470) - responseCode = 200
2018-10-23 09:09:18 INFO  ApacheHttpClient.sendEvent(470) - responseCode = 200
2018-10-23 09:09:18 INFO  ApacheHttpClient.sendEvent(470) - responseCode = 200
2018-10-23 09:09:18 INFO  ApacheHttpClient.sendEvent(470) - responseCode = 200
2018-10-23 09:09:18 INFO  ApacheHttpClient.sendEvent(470) - responseCode = 200
2018-10-23 09:09:18 INFO  ApacheHttpClient.sendEvent(470) - responseCode = 200
2018-10-23 09:09:19 INFO  ApacheHttpClient.sendEvent(470) - responseCode = 200
2018-10-23 09:09:19 INFO  ApacheHttpClient.sendEvent(470) - responseCode = 200
2018-10-23 09:09:19 INFO  ApacheHttpClient.sendEvent(470) - responseCode = 200
2018-10-23 09:09:19 INFO  ApacheHttpClient.sendEvent(470) - responseCode = 200
2018-10-23 09:09:19 INFO  ApacheHttpClient.sendEvent(470) - responseCode = 200
2018-10-23 09:09:19 INFO  ApacheHttpClient.sendEvent(470) - responseCode = 200
2018-10-23 09:09:19 INFO  ApacheHttpClient.sendEvent(470) - responseCode = 200
2018-10-23 09:09:19 INFO  ApacheHttpClient.sendEvent(470) - responseCode = 200
2018-10-23 09:09:19 INFO  ApacheHttpClient.sendEvent(470) - responseCode = 200
2018-10-23 09:09:19 INFO  ApacheHttpClient.sendEvent(470) - responseCode = 200
2018-10-23 09:09:20 INFO  ApacheHttpClient.sendEvent(470) - responseCode = 200
2018-10-23 09:09:20 INFO  ApacheHttpClient.sendEvent(470) - responseCode = 200
2018-10-23 09:09:20 INFO  ApacheHttpClient.sendEvent(470) - responseCode = 200
2018-10-23 09:09:20 INFO  ApacheHttpClient.sendEvent(470) - responseCode = 200
2018-10-23 09:09:20 INFO  ApacheHttpClient.sendEvent(470) - responseCode = 200
2018-10-23 09:09:20 INFO  ApacheHttpClient.sendEvent(470) - responseCode = 200
2018-10-23 09:09:20 INFO  ApacheHttpClient.sendEvent(470) - responseCode = 200
2018-10-23 09:09:20 INFO  ApacheHttpClient.sendEvent(470) - responseCode = 200
2018-10-23 09:09:20 INFO  ApacheHttpClient.sendEvent(470) - responseCode = 200
2018-10-23 09:09:20 INFO  ApacheHttpClient.sendEvent(470) - responseCode = 200
2018-10-23 09:09:20 INFO  ApacheHttpClient.sendEvent(470) - responseCode = 200
2018-10-23 09:09:20 INFO  ApacheHttpClient.sendEvent(470) - responseCode = 200
2018-10-23 09:09:21 INFO  ApacheHttpClient.sendEvent(470) - responseCode = 200
2018-10-23 09:09:21 INFO  ApacheHttpClient.sendEvent(470) - responseCode = 200
2018-10-23 09:09:21 INFO  ApacheHttpClient.sendEvent(470) - responseCode = 200
2018-10-23 09:09:21 INFO  ApacheHttpClient.sendEvent(470) - responseCode = 200
2018-10-23 09:09:21 INFO  ApacheHttpClient.sendEvent(470) - responseCode = 200
2018-10-23 09:09:21 INFO  ApacheHttpClient.sendEvent(470) - responseCode = 200
2018-10-23 09:10:16 INFO  ApacheHttpClient.sendEvent(470) - responseCode = 200
2018-10-23 09:11:16 INFO  ApacheHttpClient.sendEvent(470) - responseCode = 200
2018-10-23 09:12:16 INFO  ApacheHttpClient.sendEvent(470) - responseCode = 200
2018-10-23 09:13:16 INFO  ApacheHttpClient.sendEvent(470) - responseCode = 200
2018-10-23 09:14:16 INFO  ApacheHttpClient.sendEvent(470) - responseCode = 200
2018-10-23 09:15:16 INFO  ApacheHttpClient.sendEvent(470) - responseCode = 200
2018-10-23 09:16:16 INFO  ApacheHttpClient.sendEvent(470) - responseCode = 200
2018-10-23 09:17:16 INFO  ApacheHttpClient.sendEvent(470) - responseCode = 200
2018-10-23 09:18:16 INFO  ApacheHttpClient.sendEvent(470) - responseCode = 200
2018-10-23 09:19:16 INFO  ApacheHttpClient.sendEvent(470) - responseCode = 200
2018-10-23 09:20:16 INFO  ApacheHttpClient.sendEvent(470) - responseCode = 200
2018-10-23 09:21:16 INFO  ApacheHttpClient.sendEvent(470) - responseCode = 200
2018-10-23 09:22:16 INFO  ApacheHttpClient.sendEvent(470) - responseCode = 200
2018-10-23 09:23:16 INFO  ApacheHttpClient.sendEvent(470) - responseCode = 200
2018-10-23 09:24:16 INFO  ApacheHttpClient.sendEvent(470) - responseCode = 200
2018-10-23 09:25:16 INFO  ApacheHttpClient.sendEvent(470) - responseCode = 200
2018-10-23 09:26:16 INFO  ApacheHttpClient.sendEvent(470) - responseCode = 200
2018-10-23 09:27:16 INFO  ApacheHttpClient.sendEvent(470) - responseCode = 200
2018-10-23 09:27:58 INFO  ApacheHttpClient.testConnection(187) - responseCode = 200
2018-10-23 09:27:58 INFO  ApacheHttpClient.testConnection(198) - result = true
2018-10-23 10:27:42 ERROR ApacheHttpClient.processExceptionSendEvent(102) - (super) Ошибка во время отправки ивента на сервер.
2018-10-23 10:27:42 INFO  ApacheHttpClient.sendEvent(470) - responseCode = 200
2018-10-23 10:27:42 INFO  ApacheHttpClient.sendEvent(470) - responseCode = 200
2018-10-23 10:27:43 INFO  ApacheHttpClient.sendEvent(470) - responseCode = 200
2018-10-23 10:27:43 INFO  ApacheHttpClient.sendEvent(470) - responseCode = 200
2018-10-23 10:27:43 INFO  ApacheHttpClient.sendEvent(470) - responseCode = 200
2018-10-23 10:27:43 INFO  ApacheHttpClient.sendEvent(470) - responseCode = 200
2018-10-23 10:27:43 INFO  ApacheHttpClient.sendEvent(470) - responseCode = 200
2018-10-23 10:27:43 INFO  ApacheHttpClient.sendEvent(470) - responseCode = 200
2018-10-23 10:27:43 INFO  ApacheHttpClient.sendEvent(470) - responseCode = 200
2018-10-23 10:27:43 INFO  ApacheHttpClient.sendEvent(470) - responseCode = 200
2018-10-23 10:27:43 INFO  ApacheHttpClient.sendEvent(470) - responseCode = 200
2018-10-23 10:27:44 INFO  ApacheHttpClient.sendEvent(470) - responseCode = 200
2018-10-23 10:27:44 INFO  ApacheHttpClient.sendEvent(470) - responseCode = 200
2018-10-23 10:27:44 INFO  ApacheHttpClient.sendEvent(470) - responseCode = 200
2018-10-23 10:27:44 INFO  ApacheHttpClient.sendEvent(470) - responseCode = 200
2018-10-23 10:27:44 INFO  ApacheHttpClient.sendEvent(470) - responseCode = 200
2018-10-23 10:27:44 INFO  ApacheHttpClient.sendEvent(470) - responseCode = 200
2018-10-23 10:27:44 INFO  ApacheHttpClient.sendEvent(470) - responseCode = 200
2018-10-23 10:27:44 INFO  ApacheHttpClient.sendEvent(470) - responseCode = 200
2018-10-23 10:27:44 INFO  ApacheHttpClient.sendEvent(470) - responseCode = 200
2018-10-23 10:27:44 INFO  ApacheHttpClient.sendEvent(470) - responseCode = 200
2018-10-23 10:27:44 INFO  ApacheHttpClient.sendEvent(470) - responseCode = 200
2018-10-23 10:27:44 INFO  ApacheHttpClient.sendEvent(470) - responseCode = 200
2018-10-23 10:27:45 INFO  ApacheHttpClient.sendEvent(470) - responseCode = 200
2018-10-23 10:27:45 INFO  ApacheHttpClient.sendEvent(470) - responseCode = 200
2018-10-23 10:27:45 INFO  ApacheHttpClient.sendEvent(470) - responseCode = 200
2018-10-23 10:27:45 INFO  ApacheHttpClient.sendEvent(470) - responseCode = 200
2018-10-23 10:27:45 INFO  ApacheHttpClient.sendEvent(470) - responseCode = 200
2018-10-23 10:27:45 INFO  ApacheHttpClient.sendEvent(470) - responseCode = 200
2018-10-23 10:27:45 INFO  ApacheHttpClient.sendEvent(470) - responseCode = 200
2018-10-23 10:27:46 INFO  ApacheHttpClient.sendEvent(470) - responseCode = 200
2018-10-23 10:27:46 INFO  ApacheHttpClient.sendEvent(470) - responseCode = 200
2018-10-23 10:27:46 INFO  ApacheHttpClient.sendEvent(470) - responseCode = 200
2018-10-23 10:27:46 INFO  ApacheHttpClient.sendEvent(470) - responseCode = 200
2018-10-23 10:27:46 INFO  ApacheHttpClient.sendEvent(470) - responseCode = 200
2018-10-23 10:27:46 INFO  ApacheHttpClient.sendEvent(470) - responseCode = 200
2018-10-23 10:27:46 INFO  ApacheHttpClient.sendEvent(470) - responseCode = 200
2018-10-23 10:27:46 INFO  ApacheHttpClient.sendEvent(470) - responseCode = 200
2018-10-23 10:27:47 INFO  ApacheHttpClient.sendEvent(470) - responseCode = 200
2018-10-23 10:27:47 INFO  ApacheHttpClient.sendEvent(470) - responseCode = 200
2018-10-23 10:27:47 INFO  ApacheHttpClient.sendEvent(470) - responseCode = 200
2018-10-23 10:27:47 INFO  ApacheHttpClient.sendEvent(470) - responseCode = 200
2018-10-23 10:27:47 INFO  ApacheHttpClient.sendEvent(470) - responseCode = 200
2018-10-23 10:27:47 INFO  ApacheHttpClient.sendEvent(470) - responseCode = 200
2018-10-23 10:27:47 INFO  ApacheHttpClient.sendEvent(470) - responseCode = 200
2018-10-23 10:27:47 INFO  ApacheHttpClient.sendEvent(470) - responseCode = 200
2018-10-23 10:27:47 INFO  ApacheHttpClient.sendEvent(470) - responseCode = 200
2018-10-23 10:27:48 INFO  ApacheHttpClient.sendEvent(470) - responseCode = 200
2018-10-23 10:27:48 INFO  ApacheHttpClient.sendEvent(470) - responseCode = 200
2018-10-23 10:27:48 INFO  ApacheHttpClient.sendEvent(470) - responseCode = 200
2018-10-23 10:27:48 INFO  ApacheHttpClient.sendEvent(470) - responseCode = 200
2018-10-23 10:27:48 INFO  ApacheHttpClient.sendEvent(470) - responseCode = 200
2018-10-23 10:27:48 INFO  ApacheHttpClient.sendEvent(470) - responseCode = 200
2018-10-23 10:27:48 INFO  ApacheHttpClient.sendEvent(470) - responseCode = 200
2018-10-23 10:27:48 INFO  ApacheHttpClient.sendEvent(470) - responseCode = 200
2018-10-23 10:27:48 INFO  ApacheHttpClient.sendEvent(470) - responseCode = 200
2018-10-23 10:27:48 INFO  ApacheHttpClient.sendEvent(470) - responseCode = 200
2018-10-23 10:27:48 INFO  ApacheHttpClient.sendEvent(470) - responseCode = 200
2018-10-23 10:27:48 INFO  ApacheHttpClient.sendEvent(470) - responseCode = 200
2018-10-23 10:28:16 INFO  ApacheHttpClient.sendEvent(470) - responseCode = 200
2018-10-23 10:29:16 INFO  ApacheHttpClient.sendEvent(470) - responseCode = 200
2018-10-23 10:30:16 INFO  ApacheHttpClient.sendEvent(470) - responseCode = 200
2018-10-23 10:31:16 INFO  ApacheHttpClient.sendEvent(470) - responseCode = 200
2018-10-23 10:32:16 INFO  ApacheHttpClient.sendEvent(470) - responseCode = 200
2018-10-23 10:33:16 INFO  ApacheHttpClient.sendEvent(470) - responseCode = 200
2018-10-23 10:34:16 INFO  ApacheHttpClient.sendEvent(470) - responseCode = 200
2018-10-23 10:35:16 INFO  ApacheHttpClient.sendEvent(470) - responseCode = 200
2018-10-23 10:36:16 INFO  ApacheHttpClient.sendEvent(470) - responseCode = 200
2018-10-23 10:37:16 INFO  ApacheHttpClient.sendEvent(470) - responseCode = 200
2018-10-23 10:38:16 INFO  ApacheHttpClient.sendEvent(470) - responseCode = 200
2018-10-23 10:39:16 INFO  ApacheHttpClient.sendEvent(470) - responseCode = 200
2018-10-23 10:40:16 INFO  ApacheHttpClient.sendEvent(470) - responseCode = 200
2018-10-23 10:41:16 INFO  ApacheHttpClient.sendEvent(470) - responseCode = 200
2018-10-23 10:42:16 INFO  ApacheHttpClient.sendEvent(470) - responseCode = 200
2018-10-23 10:43:16 INFO  ApacheHttpClient.sendEvent(470) - responseCode = 200
2018-10-23 10:44:16 INFO  ApacheHttpClient.sendEvent(470) - responseCode = 200
2018-10-23 10:45:16 INFO  ApacheHttpClient.sendEvent(470) - responseCode = 200
2018-10-23 10:46:16 INFO  ApacheHttpClient.sendEvent(470) - responseCode = 200
2018-10-23 10:47:16 INFO  ApacheHttpClient.sendEvent(470) - responseCode = 200
2018-10-23 10:48:16 INFO  ApacheHttpClient.sendEvent(470) - responseCode = 200
2018-10-23 10:49:16 INFO  ApacheHttpClient.sendEvent(470) - responseCode = 200
2018-10-23 10:50:16 INFO  ApacheHttpClient.sendEvent(470) - responseCode = 200
2018-10-23 10:51:16 INFO  ApacheHttpClient.sendEvent(470) - responseCode = 200
2018-10-23 10:52:16 INFO  ApacheHttpClient.sendEvent(470) - responseCode = 200
2018-10-23 10:53:16 INFO  ApacheHttpClient.sendEvent(470) - responseCode = 200
2018-10-23 10:54:16 INFO  ApacheHttpClient.sendEvent(470) - responseCode = 200
2018-10-23 10:55:16 INFO  ApacheHttpClient.sendEvent(470) - responseCode = 200
2018-10-23 10:56:16 INFO  ApacheHttpClient.sendEvent(470) - responseCode = 200
2018-10-23 10:57:16 INFO  ApacheHttpClient.sendEvent(470) - responseCode = 200
2018-10-23 10:58:16 INFO  ApacheHttpClient.sendEvent(470) - responseCode = 200
2018-10-23 10:59:16 INFO  ApacheHttpClient.sendEvent(470) - responseCode = 200
2018-10-23 11:00:16 INFO  ApacheHttpClient.sendEvent(470) - responseCode = 200
2018-10-23 11:01:16 INFO  ApacheHttpClient.sendEvent(470) - responseCode = 200
2018-10-23 11:02:16 INFO  ApacheHttpClient.sendEvent(470) - responseCode = 200
2018-10-23 11:03:16 INFO  ApacheHttpClient.sendEvent(470) - responseCode = 200
2018-10-23 11:04:16 INFO  ApacheHttpClient.sendEvent(470) - responseCode = 200
2018-10-23 11:05:16 INFO  ApacheHttpClient.sendEvent(470) - responseCode = 200
2018-10-23 11:06:16 INFO  ApacheHttpClient.sendEvent(470) - responseCode = 200
2018-10-23 11:07:20 INFO  ApacheHttpClient.sendEvent(470) - responseCode = 200
2018-10-23 11:08:16 INFO  ApacheHttpClient.sendEvent(470) - responseCode = 200
2018-10-23 11:09:16 INFO  ApacheHttpClient.sendEvent(470) - responseCode = 200
2018-10-23 11:10:16 INFO  ApacheHttpClient.sendEvent(470) - responseCode = 200
2018-10-23 11:11:16 INFO  ApacheHttpClient.sendEvent(470) - responseCode = 200
2018-10-23 11:12:16 INFO  ApacheHttpClient.sendEvent(470) - responseCode = 200
2018-10-23 11:13:16 INFO  ApacheHttpClient.sendEvent(470) - responseCode = 200
2018-10-23 11:14:16 INFO  ApacheHttpClient.sendEvent(470) - responseCode = 200
2018-10-23 11:15:16 INFO  ApacheHttpClient.sendEvent(470) - responseCode = 200
2018-10-23 11:16:16 INFO  ApacheHttpClient.sendEvent(470) - responseCode = 200
2018-10-23 11:17:16 INFO  ApacheHttpClient.sendEvent(470) - responseCode = 200
2018-10-23 11:18:16 INFO  ApacheHttpClient.sendEvent(470) - responseCode = 200
2018-10-23 11:19:16 INFO  ApacheHttpClient.sendEvent(470) - responseCode = 200
2018-10-23 11:20:16 INFO  ApacheHttpClient.sendEvent(470) - responseCode = 200
2018-10-23 11:21:16 INFO  ApacheHttpClient.sendEvent(470) - responseCode = 200
2018-10-23 11:22:16 INFO  ApacheHttpClient.sendEvent(470) - responseCode = 200
2018-10-23 11:23:16 INFO  ApacheHttpClient.sendEvent(470) - responseCode = 200
2018-10-23 11:24:16 INFO  ApacheHttpClient.sendEvent(470) - responseCode = 200
2018-10-23 11:25:16 INFO  ApacheHttpClient.sendEvent(470) - responseCode = 200
2018-10-23 11:26:16 INFO  ApacheHttpClient.sendEvent(470) - responseCode = 200
2018-10-23 11:27:16 INFO  ApacheHttpClient.sendEvent(470) - responseCode = 200
2018-10-23 11:28:16 INFO  ApacheHttpClient.sendEvent(470) - responseCode = 200
2018-10-23 11:29:16 INFO  ApacheHttpClient.sendEvent(470) - responseCode = 200
2018-10-23 11:30:16 INFO  ApacheHttpClient.sendEvent(470) - responseCode = 200
2018-10-23 11:31:16 INFO  ApacheHttpClient.sendEvent(470) - responseCode = 200
2018-10-23 11:32:16 INFO  ApacheHttpClient.sendEvent(470) - responseCode = 200
2018-10-23 11:33:16 INFO  ApacheHttpClient.sendEvent(470) - responseCode = 200
2018-10-23 11:34:16 INFO  ApacheHttpClient.sendEvent(470) - responseCode = 200
2018-10-23 11:35:16 INFO  ApacheHttpClient.sendEvent(470) - responseCode = 200
2018-10-23 11:36:16 INFO  ApacheHttpClient.sendEvent(470) - responseCode = 200
2018-10-23 11:37:16 INFO  ApacheHttpClient.sendEvent(470) - responseCode = 200
2018-10-23 11:38:16 INFO  ApacheHttpClient.sendEvent(470) - responseCode = 200
2018-10-23 11:39:16 INFO  ApacheHttpClient.sendEvent(470) - responseCode = 200
2018-10-23 11:40:16 INFO  ApacheHttpClient.sendEvent(470) - responseCode = 200
2018-10-23 11:41:16 INFO  ApacheHttpClient.sendEvent(470) - responseCode = 200
2018-10-23 11:42:16 INFO  ApacheHttpClient.sendEvent(470) - responseCode = 200
2018-10-23 11:43:16 INFO  ApacheHttpClient.sendEvent(470) - responseCode = 200
2018-10-23 11:44:16 INFO  ApacheHttpClient.sendEvent(470) - responseCode = 200
2018-10-23 11:45:16 INFO  ApacheHttpClient.sendEvent(470) - responseCode = 200
2018-10-23 11:46:16 INFO  ApacheHttpClient.sendEvent(470) - responseCode = 200
2018-10-23 11:47:16 INFO  ApacheHttpClient.sendEvent(470) - responseCode = 200
2018-10-23 11:48:16 INFO  ApacheHttpClient.sendEvent(470) - responseCode = 200
2018-10-23 11:49:16 INFO  ApacheHttpClient.sendEvent(470) - responseCode = 200
2018-10-23 11:50:16 INFO  ApacheHttpClient.sendEvent(470) - responseCode = 200
2018-10-23 11:51:16 INFO  ApacheHttpClient.sendEvent(470) - responseCode = 200
2018-10-23 11:52:16 INFO  ApacheHttpClient.sendEvent(470) - responseCode = 200
2018-10-23 11:53:16 INFO  ApacheHttpClient.sendEvent(470) - responseCode = 200
2018-10-23 11:54:16 INFO  ApacheHttpClient.sendEvent(470) - responseCode = 200
2018-10-23 11:55:16 INFO  ApacheHttpClient.sendEvent(470) - responseCode = 200
2018-10-23 11:56:16 INFO  ApacheHttpClient.sendEvent(470) - responseCode = 200
2018-10-23 11:57:16 INFO  ApacheHttpClient.sendEvent(470) - responseCode = 200
2018-10-23 11:58:16 INFO  ApacheHttpClient.sendEvent(470) - responseCode = 200
2018-10-23 11:59:16 INFO  ApacheHttpClient.sendEvent(470) - responseCode = 200
2018-10-23 12:00:16 INFO  ApacheHttpClient.sendEvent(470) - responseCode = 200
2018-10-23 12:01:16 INFO  ApacheHttpClient.sendEvent(470) - responseCode = 200
2018-10-23 12:02:16 INFO  ApacheHttpClient.sendEvent(470) - responseCode = 200
2018-10-23 12:03:16 INFO  ApacheHttpClient.sendEvent(470) - responseCode = 200
2018-10-23 12:04:16 INFO  ApacheHttpClient.sendEvent(470) - responseCode = 200
2018-10-23 12:05:16 INFO  ApacheHttpClient.sendEvent(470) - responseCode = 200
2018-10-23 12:06:16 INFO  ApacheHttpClient.sendEvent(470) - responseCode = 200
2018-10-23 12:07:16 INFO  ApacheHttpClient.sendEvent(470) - responseCode = 200
2018-10-23 12:08:16 INFO  ApacheHttpClient.sendEvent(470) - responseCode = 200
2018-10-23 12:09:16 INFO  ApacheHttpClient.sendEvent(470) - responseCode = 200
2018-10-23 12:10:16 INFO  ApacheHttpClient.sendEvent(470) - responseCode = 200
2018-10-23 12:11:16 INFO  ApacheHttpClient.sendEvent(470) - responseCode = 200
2018-10-23 12:12:16 INFO  ApacheHttpClient.sendEvent(470) - responseCode = 200
2018-10-23 12:13:16 INFO  ApacheHttpClient.sendEvent(470) - responseCode = 200
2018-10-23 12:14:16 INFO  ApacheHttpClient.sendEvent(470) - responseCode = 200
2018-10-23 12:15:16 INFO  ApacheHttpClient.sendEvent(470) - responseCode = 200
2018-10-23 12:16:16 INFO  ApacheHttpClient.sendEvent(470) - responseCode = 200
2018-10-23 12:17:16 INFO  ApacheHttpClient.sendEvent(470) - responseCode = 200
2018-10-23 12:18:16 INFO  ApacheHttpClient.sendEvent(470) - responseCode = 200
2018-10-23 12:19:16 INFO  ApacheHttpClient.sendEvent(470) - responseCode = 200
2018-10-23 12:20:16 INFO  ApacheHttpClient.sendEvent(470) - responseCode = 200
2018-10-23 12:21:16 INFO  ApacheHttpClient.sendEvent(470) - responseCode = 200
2018-10-23 12:22:16 INFO  ApacheHttpClient.sendEvent(470) - responseCode = 200
2018-10-23 12:23:16 INFO  ApacheHttpClient.sendEvent(470) - responseCode = 200
2018-10-23 12:24:16 INFO  ApacheHttpClient.sendEvent(470) - responseCode = 200
2018-10-23 12:25:16 INFO  ApacheHttpClient.sendEvent(470) - responseCode = 200
2018-10-23 12:26:16 INFO  ApacheHttpClient.sendEvent(470) - responseCode = 200
2018-10-23 12:27:16 INFO  ApacheHttpClient.sendEvent(470) - responseCode = 200
2018-10-23 12:28:16 INFO  ApacheHttpClient.sendEvent(470) - responseCode = 200
2018-10-23 12:29:16 INFO  ApacheHttpClient.sendEvent(470) - responseCode = 200
2018-10-23 12:30:16 INFO  ApacheHttpClient.sendEvent(470) - responseCode = 200
2018-10-23 12:31:16 INFO  ApacheHttpClient.sendEvent(470) - responseCode = 200
2018-10-23 12:32:16 INFO  ApacheHttpClient.sendEvent(470) - responseCode = 200
2018-10-23 12:33:16 INFO  ApacheHttpClient.sendEvent(470) - responseCode = 200
2018-10-23 12:34:16 INFO  ApacheHttpClient.sendEvent(470) - responseCode = 200
2018-10-23 12:35:16 INFO  ApacheHttpClient.sendEvent(470) - responseCode = 200
2018-10-23 12:36:16 INFO  ApacheHttpClient.sendEvent(470) - responseCode = 200
2018-10-23 12:37:16 INFO  ApacheHttpClient.sendEvent(470) - responseCode = 200
2018-10-23 12:38:16 INFO  ApacheHttpClient.sendEvent(470) - responseCode = 200
2018-10-23 12:39:16 INFO  ApacheHttpClient.sendEvent(470) - responseCode = 200
2018-10-23 12:40:16 INFO  ApacheHttpClient.sendEvent(470) - responseCode = 200
2018-10-23 12:41:16 INFO  ApacheHttpClient.sendEvent(470) - responseCode = 200
2018-10-23 12:42:16 INFO  ApacheHttpClient.sendEvent(470) - responseCode = 200
2018-10-23 12:43:16 INFO  ApacheHttpClient.sendEvent(470) - responseCode = 200
2018-10-23 12:44:16 INFO  ApacheHttpClient.sendEvent(470) - responseCode = 200
2018-10-23 12:45:16 INFO  ApacheHttpClient.sendEvent(470) - responseCode = 200
2018-10-23 12:46:16 INFO  ApacheHttpClient.sendEvent(470) - responseCode = 200
2018-10-23 12:47:16 INFO  ApacheHttpClient.sendEvent(470) - responseCode = 200
2018-10-23 12:48:16 INFO  ApacheHttpClient.sendEvent(470) - responseCode = 200
2018-10-23 12:49:16 INFO  ApacheHttpClient.sendEvent(470) - responseCode = 200
2018-10-23 12:50:16 INFO  ApacheHttpClient.sendEvent(470) - responseCode = 200
2018-10-23 12:51:16 INFO  ApacheHttpClient.sendEvent(470) - responseCode = 200
2018-10-23 12:52:16 INFO  ApacheHttpClient.sendEvent(470) - responseCode = 200
2018-10-23 12:53:16 INFO  ApacheHttpClient.sendEvent(470) - responseCode = 200
2018-10-23 12:54:16 INFO  ApacheHttpClient.sendEvent(470) - responseCode = 200
2018-10-23 12:55:16 INFO  ApacheHttpClient.sendEvent(470) - responseCode = 200
2018-10-23 12:56:16 INFO  ApacheHttpClient.sendEvent(470) - responseCode = 200
2018-10-23 12:57:16 INFO  ApacheHttpClient.sendEvent(470) - responseCode = 200
2018-10-23 12:58:16 INFO  ApacheHttpClient.sendEvent(470) - responseCode = 200
2018-10-23 12:59:16 INFO  ApacheHttpClient.sendEvent(470) - responseCode = 200
2018-10-23 13:00:16 INFO  ApacheHttpClient.sendEvent(470) - responseCode = 200
2018-10-23 13:01:16 INFO  ApacheHttpClient.sendEvent(470) - responseCode = 200
2018-10-23 13:02:16 INFO  ApacheHttpClient.sendEvent(470) - responseCode = 200
2018-10-23 13:03:16 INFO  ApacheHttpClient.sendEvent(470) - responseCode = 200
2018-10-23 13:04:16 INFO  ApacheHttpClient.sendEvent(470) - responseCode = 200
2018-10-23 13:05:16 INFO  ApacheHttpClient.sendEvent(470) - responseCode = 200
2018-10-23 13:06:16 INFO  ApacheHttpClient.sendEvent(470) - responseCode = 200
2018-10-23 13:07:16 INFO  ApacheHttpClient.sendEvent(470) - responseCode = 200
2018-10-23 13:08:16 INFO  ApacheHttpClient.sendEvent(470) - responseCode = 200
2018-10-23 13:09:16 INFO  ApacheHttpClient.sendEvent(470) - responseCode = 200
2018-10-23 13:10:16 INFO  ApacheHttpClient.sendEvent(470) - responseCode = 200
2018-10-23 13:11:16 INFO  ApacheHttpClient.sendEvent(470) - responseCode = 200
2018-10-23 13:12:16 INFO  ApacheHttpClient.sendEvent(470) - responseCode = 200
2018-10-23 13:13:17 INFO  ApacheHttpClient.sendEvent(470) - responseCode = 200
2018-10-23 13:14:16 INFO  ApacheHttpClient.sendEvent(470) - responseCode = 200
2018-10-23 13:15:16 INFO  ApacheHttpClient.sendEvent(470) - responseCode = 200
2018-10-23 13:16:16 INFO  ApacheHttpClient.sendEvent(470) - responseCode = 200
2018-10-23 13:17:16 INFO  ApacheHttpClient.sendEvent(470) - responseCode = 200
2018-10-23 13:18:16 INFO  ApacheHttpClient.sendEvent(470) - responseCode = 200
2018-10-23 13:19:16 INFO  ApacheHttpClient.sendEvent(470) - responseCode = 200
2018-10-23 13:20:16 INFO  ApacheHttpClient.sendEvent(470) - responseCode = 200
2018-10-23 13:21:16 INFO  ApacheHttpClient.sendEvent(470) - responseCode = 200
2018-10-23 13:22:16 INFO  ApacheHttpClient.sendEvent(470) - responseCode = 200
2018-10-23 13:23:16 INFO  ApacheHttpClient.sendEvent(470) - responseCode = 200
2018-10-23 13:24:16 INFO  ApacheHttpClient.sendEvent(470) - responseCode = 200
2018-10-23 13:25:18 INFO  ApacheHttpClient.sendEvent(470) - responseCode = 200
2018-10-23 13:26:16 INFO  ApacheHttpClient.sendEvent(470) - responseCode = 200
2018-10-23 13:27:16 INFO  ApacheHttpClient.sendEvent(470) - responseCode = 200
2018-10-23 13:28:16 INFO  ApacheHttpClient.sendEvent(470) - responseCode = 200
2018-10-23 13:29:16 INFO  ApacheHttpClient.sendEvent(470) - responseCode = 200
2018-10-23 13:30:16 INFO  ApacheHttpClient.sendEvent(470) - responseCode = 200
2018-10-23 13:31:16 INFO  ApacheHttpClient.sendEvent(470) - responseCode = 200
2018-10-23 13:32:16 INFO  ApacheHttpClient.sendEvent(470) - responseCode = 200
2018-10-23 13:33:16 INFO  ApacheHttpClient.sendEvent(470) - responseCode = 200
2018-10-23 13:34:16 INFO  ApacheHttpClient.sendEvent(470) - responseCode = 200
2018-10-23 13:35:16 INFO  ApacheHttpClient.sendEvent(470) - responseCode = 200
2018-10-23 13:36:16 INFO  ApacheHttpClient.sendEvent(470) - responseCode = 200
2018-10-23 13:37:16 INFO  ApacheHttpClient.sendEvent(470) - responseCode = 200
2018-10-23 13:38:16 INFO  ApacheHttpClient.sendEvent(470) - responseCode = 200
2018-10-23 13:39:16 INFO  ApacheHttpClient.sendEvent(470) - responseCode = 200
2018-10-23 13:40:16 INFO  ApacheHttpClient.sendEvent(470) - responseCode = 200
2018-10-23 13:41:16 INFO  ApacheHttpClient.sendEvent(470) - responseCode = 200
2018-10-23 13:42:16 INFO  ApacheHttpClient.sendEvent(470) - responseCode = 200
2018-10-23 13:43:16 INFO  ApacheHttpClient.sendEvent(470) - responseCode = 200
2018-10-23 13:44:16 INFO  ApacheHttpClient.sendEvent(470) - responseCode = 200
2018-10-23 13:45:16 INFO  ApacheHttpClient.sendEvent(470) - responseCode = 200
2018-10-23 13:46:16 INFO  ApacheHttpClient.sendEvent(470) - responseCode = 200
2018-10-23 13:47:16 INFO  ApacheHttpClient.sendEvent(470) - responseCode = 200
2018-10-23 13:48:16 INFO  ApacheHttpClient.sendEvent(470) - responseCode = 200
2018-10-23 13:49:16 INFO  ApacheHttpClient.sendEvent(470) - responseCode = 200
2018-10-23 13:50:16 INFO  ApacheHttpClient.sendEvent(470) - responseCode = 200
2018-10-23 13:51:16 INFO  ApacheHttpClient.sendEvent(470) - responseCode = 200
2018-10-23 13:52:16 INFO  ApacheHttpClient.sendEvent(470) - responseCode = 200
2018-10-23 13:53:16 INFO  ApacheHttpClient.sendEvent(470) - responseCode = 200
2018-10-23 13:54:16 INFO  ApacheHttpClient.sendEvent(470) - responseCode = 200
2018-10-23 13:55:16 INFO  ApacheHttpClient.sendEvent(470) - responseCode = 200
2018-10-23 13:56:16 INFO  ApacheHttpClient.sendEvent(470) - responseCode = 200
2018-10-23 13:57:16 INFO  ApacheHttpClient.sendEvent(470) - responseCode = 200
2018-10-23 13:58:16 INFO  ApacheHttpClient.sendEvent(470) - responseCode = 200
2018-10-23 13:59:16 INFO  ApacheHttpClient.sendEvent(470) - responseCode = 200
2018-10-23 14:00:16 INFO  ApacheHttpClient.sendEvent(470) - responseCode = 200
2018-10-23 14:01:16 INFO  ApacheHttpClient.sendEvent(470) - responseCode = 200
2018-10-23 14:02:16 INFO  ApacheHttpClient.sendEvent(470) - responseCode = 200
2018-10-23 14:03:16 INFO  ApacheHttpClient.sendEvent(470) - responseCode = 200
2018-10-23 14:04:16 INFO  ApacheHttpClient.sendEvent(470) - responseCode = 200
2018-10-23 14:05:16 INFO  ApacheHttpClient.sendEvent(470) - responseCode = 200
2018-10-23 14:06:16 INFO  ApacheHttpClient.sendEvent(470) - responseCode = 200
2018-10-23 14:07:16 INFO  ApacheHttpClient.sendEvent(470) - responseCode = 200
2018-10-23 14:08:16 INFO  ApacheHttpClient.sendEvent(470) - responseCode = 200
2018-10-23 14:09:16 INFO  ApacheHttpClient.sendEvent(470) - responseCode = 200
2018-10-23 14:10:16 INFO  ApacheHttpClient.sendEvent(470) - responseCode = 502
2018-10-23 14:11:46 INFO  ApacheHttpClient.sendEvent(470) - responseCode = 504
2018-10-23 14:12:16 INFO  ApacheHttpClient.sendEvent(470) - responseCode = 200
2018-10-23 14:13:16 INFO  ApacheHttpClient.sendEvent(470) - responseCode = 200
2018-10-23 14:14:16 INFO  ApacheHttpClient.sendEvent(470) - responseCode = 200
2018-10-23 14:15:16 INFO  ApacheHttpClient.sendEvent(470) - responseCode = 200
2018-10-23 14:16:16 INFO  ApacheHttpClient.sendEvent(470) - responseCode = 200
2018-10-23 14:17:16 INFO  ApacheHttpClient.sendEvent(470) - responseCode = 200
2018-10-23 14:18:16 INFO  ApacheHttpClient.sendEvent(470) - responseCode = 200
2018-10-23 14:19:16 INFO  ApacheHttpClient.sendEvent(470) - responseCode = 200
2018-10-23 14:20:16 INFO  ApacheHttpClient.sendEvent(470) - responseCode = 200
2018-10-23 14:21:16 INFO  ApacheHttpClient.sendEvent(470) - responseCode = 200
2018-10-23 14:22:16 INFO  ApacheHttpClient.sendEvent(470) - responseCode = 200
2018-10-23 14:22:50 INFO  ApacheHttpClient.getWebResourceAsStream(437) - responseCode = 200
2018-10-23 14:22:51 INFO  ApacheHttpClient.getTask(422) - responseCode = 200
2018-10-23 14:23:16 INFO  ApacheHttpClient.sendEvent(470) - responseCode = 200
2018-10-23 14:24:16 INFO  ApacheHttpClient.sendEvent(470) - responseCode = 200
2018-10-23 14:25:16 INFO  ApacheHttpClient.sendEvent(470) - responseCode = 200
2018-10-23 14:26:16 INFO  ApacheHttpClient.sendEvent(470) - responseCode = 200
2018-10-23 14:27:16 INFO  ApacheHttpClient.sendEvent(470) - responseCode = 200
2018-10-23 14:28:16 INFO  ApacheHttpClient.sendEvent(470) - responseCode = 200
2018-10-23 14:29:16 INFO  ApacheHttpClient.sendEvent(470) - responseCode = 200
2018-10-23 14:30:16 INFO  ApacheHttpClient.sendEvent(470) - responseCode = 200
2018-10-23 14:31:16 INFO  ApacheHttpClient.sendEvent(470) - responseCode = 200
2018-10-23 14:32:16 INFO  ApacheHttpClient.sendEvent(470) - responseCode = 200
2018-10-23 14:33:16 INFO  ApacheHttpClient.sendEvent(470) - responseCode = 200
2018-10-23 14:34:16 INFO  ApacheHttpClient.sendEvent(470) - responseCode = 200
2018-10-23 14:35:16 INFO  ApacheHttpClient.sendEvent(470) - responseCode = 200
2018-10-23 14:36:16 INFO  ApacheHttpClient.sendEvent(470) - responseCode = 200
2018-10-23 14:37:16 INFO  ApacheHttpClient.sendEvent(470) - responseCode = 200
2018-10-23 14:38:16 INFO  ApacheHttpClient.sendEvent(470) - responseCode = 200
2018-10-23 14:39:16 INFO  ApacheHttpClient.sendEvent(470) - responseCode = 200
2018-10-23 14:40:16 INFO  ApacheHttpClient.sendEvent(470) - responseCode = 200
2018-10-23 14:41:16 INFO  ApacheHttpClient.sendEvent(470) - responseCode = 200
2018-10-23 14:42:16 INFO  ApacheHttpClient.sendEvent(470) - responseCode = 200
2018-10-23 14:43:16 INFO  ApacheHttpClient.sendEvent(470) - responseCode = 200
2018-10-23 14:44:16 INFO  ApacheHttpClient.sendEvent(470) - responseCode = 200
2018-10-23 14:45:16 INFO  ApacheHttpClient.sendEvent(470) - responseCode = 200
2018-10-23 14:46:16 INFO  ApacheHttpClient.sendEvent(470) - responseCode = 200
2018-10-23 14:47:16 INFO  ApacheHttpClient.sendEvent(470) - responseCode = 200
2018-10-23 14:48:16 INFO  ApacheHttpClient.sendEvent(470) - responseCode = 200
2018-10-23 14:49:16 INFO  ApacheHttpClient.sendEvent(470) - responseCode = 200
2018-10-23 14:50:16 INFO  ApacheHttpClient.sendEvent(470) - responseCode = 200
2018-10-23 14:51:16 INFO  ApacheHttpClient.sendEvent(470) - responseCode = 200
2018-10-23 14:52:16 INFO  ApacheHttpClient.sendEvent(470) - responseCode = 200
2018-10-23 14:53:16 INFO  ApacheHttpClient.sendEvent(470) - responseCode = 200
2018-10-23 14:54:16 INFO  ApacheHttpClient.sendEvent(470) - responseCode = 200
2018-10-23 14:55:16 INFO  ApacheHttpClient.sendEvent(470) - responseCode = 200
2018-10-23 14:56:16 INFO  ApacheHttpClient.sendEvent(470) - responseCode = 200
2018-10-23 14:57:16 INFO  ApacheHttpClient.sendEvent(470) - responseCode = 200
2018-10-23 14:58:16 INFO  ApacheHttpClient.sendEvent(470) - responseCode = 200
2018-10-23 14:59:16 INFO  ApacheHttpClient.sendEvent(470) - responseCode = 200
2018-10-23 15:00:16 INFO  ApacheHttpClient.sendEvent(470) - responseCode = 200
2018-10-23 15:01:16 INFO  ApacheHttpClient.sendEvent(470) - responseCode = 200
2018-10-23 15:02:16 INFO  ApacheHttpClient.sendEvent(470) - responseCode = 200
2018-10-23 15:03:16 INFO  ApacheHttpClient.sendEvent(470) - responseCode = 200
2018-10-23 15:04:16 INFO  ApacheHttpClient.sendEvent(470) - responseCode = 200
2018-10-23 15:05:16 INFO  ApacheHttpClient.sendEvent(470) - responseCode = 200
2018-10-23 15:06:16 INFO  ApacheHttpClient.sendEvent(470) - responseCode = 200
2018-10-23 15:07:16 INFO  ApacheHttpClient.sendEvent(470) - responseCode = 200
2018-10-23 15:08:16 INFO  ApacheHttpClient.sendEvent(470) - responseCode = 200
2018-10-23 15:09:16 INFO  ApacheHttpClient.sendEvent(470) - responseCode = 200
2018-10-23 15:10:16 INFO  ApacheHttpClient.sendEvent(470) - responseCode = 200
2018-10-23 15:11:16 INFO  ApacheHttpClient.sendEvent(470) - responseCode = 200
2018-10-23 15:12:16 INFO  ApacheHttpClient.sendEvent(470) - responseCode = 200
2018-10-23 15:13:16 INFO  ApacheHttpClient.sendEvent(470) - responseCode = 200
2018-10-23 15:14:16 INFO  ApacheHttpClient.sendEvent(470) - responseCode = 200
2018-10-23 15:15:16 INFO  ApacheHttpClient.sendEvent(470) - responseCode = 200
2018-10-23 15:16:16 INFO  ApacheHttpClient.sendEvent(470) - responseCode = 200
2018-10-23 15:17:16 INFO  ApacheHttpClient.sendEvent(470) - responseCode = 200
2018-10-23 15:18:16 INFO  ApacheHttpClient.sendEvent(470) - responseCode = 200
2018-10-23 15:19:16 INFO  ApacheHttpClient.sendEvent(470) - responseCode = 200
2018-10-23 15:20:16 INFO  ApacheHttpClient.sendEvent(470) - responseCode = 200
2018-10-23 15:21:16 INFO  ApacheHttpClient.sendEvent(470) - responseCode = 200
2018-10-23 15:22:16 INFO  ApacheHttpClient.sendEvent(470) - responseCode = 200
2018-10-23 15:23:16 INFO  ApacheHttpClient.sendEvent(470) - responseCode = 200
2018-10-23 15:24:16 INFO  ApacheHttpClient.sendEvent(470) - responseCode = 200
2018-10-23 15:25:16 INFO  ApacheHttpClient.sendEvent(470) - responseCode = 200
2018-10-23 15:26:16 INFO  ApacheHttpClient.sendEvent(470) - responseCode = 200
2018-10-23 15:27:16 INFO  ApacheHttpClient.sendEvent(470) - responseCode = 200
2018-10-23 15:27:37 INFO  ApacheHttpClient.getWebResourceAsStream(437) - responseCode = 200
2018-10-23 15:27:38 INFO  ApacheHttpClient.getTask(422) - responseCode = 200
2018-10-23 15:27:38 INFO  ApacheHttpClient.getWebResourceAsStream(437) - responseCode = 200
2018-10-23 15:27:39 INFO  ApacheHttpClient.completed(27) - responseCode = 200
2018-10-23 15:28:16 INFO  ApacheHttpClient.sendEvent(470) - responseCode = 200
2018-10-23 15:29:14 INFO  ApacheHttpClient.getWebResourceAsStream(437) - responseCode = 200
2018-10-23 15:29:14 INFO  ApacheHttpClient.getTask(422) - responseCode = 200
2018-10-23 15:29:15 INFO  ApacheHttpClient.getWebResourceAsStream(437) - responseCode = 200
2018-10-23 15:29:16 INFO  ApacheHttpClient.sendEvent(470) - responseCode = 200
2018-10-23 15:29:16 INFO  ApacheHttpClient.completed(27) - responseCode = 200
2018-10-23 15:30:16 INFO  ApacheHttpClient.sendEvent(470) - responseCode = 200
2018-10-23 15:31:16 INFO  ApacheHttpClient.sendEvent(470) - responseCode = 200
2018-10-23 15:32:16 INFO  ApacheHttpClient.sendEvent(470) - responseCode = 200
2018-10-23 15:33:16 INFO  ApacheHttpClient.sendEvent(470) - responseCode = 200
2018-10-23 15:34:16 INFO  ApacheHttpClient.sendEvent(470) - responseCode = 200
2018-10-23 15:35:16 INFO  ApacheHttpClient.sendEvent(470) - responseCode = 200
2018-10-23 15:36:16 INFO  ApacheHttpClient.sendEvent(470) - responseCode = 200
2018-10-23 15:37:16 INFO  ApacheHttpClient.sendEvent(470) - responseCode = 200
2018-10-23 15:38:16 INFO  ApacheHttpClient.sendEvent(470) - responseCode = 200
2018-10-23 15:39:16 INFO  ApacheHttpClient.sendEvent(470) - responseCode = 200
2018-10-23 15:40:16 INFO  ApacheHttpClient.sendEvent(470) - responseCode = 200
2018-10-23 15:41:16 INFO  ApacheHttpClient.sendEvent(470) - responseCode = 200
2018-10-23 15:42:16 INFO  ApacheHttpClient.sendEvent(470) - responseCode = 200
2018-10-23 15:43:16 INFO  ApacheHttpClient.sendEvent(470) - responseCode = 200
2018-10-23 15:44:16 INFO  ApacheHttpClient.sendEvent(470) - responseCode = 200
2018-10-23 15:45:16 INFO  ApacheHttpClient.sendEvent(470) - responseCode = 200
2018-10-23 15:45:56 INFO  ApacheHttpClient.getWebResourceAsStream(437) - responseCode = 200
2018-10-23 15:45:56 INFO  ApacheHttpClient.getTask(422) - responseCode = 200
2018-10-23 15:45:56 INFO  ApacheHttpClient.getWebResourceAsStream(437) - responseCode = 200
2018-10-23 15:45:58 INFO  ApacheHttpClient.completed(27) - responseCode = 200
2018-10-23 15:46:16 INFO  ApacheHttpClient.sendEvent(470) - responseCode = 200
2018-10-23 15:47:16 INFO  ApacheHttpClient.sendEvent(470) - responseCode = 200
2018-10-23 15:48:16 INFO  ApacheHttpClient.sendEvent(470) - responseCode = 200
2018-10-23 15:49:16 INFO  ApacheHttpClient.sendEvent(470) - responseCode = 200
2018-10-23 15:50:16 INFO  ApacheHttpClient.sendEvent(470) - responseCode = 200
2018-10-23 15:51:16 INFO  ApacheHttpClient.sendEvent(470) - responseCode = 200
2018-10-23 15:52:16 INFO  ApacheHttpClient.sendEvent(470) - responseCode = 200
2018-10-23 15:53:16 INFO  ApacheHttpClient.sendEvent(470) - responseCode = 200
2018-10-23 15:54:16 INFO  ApacheHttpClient.sendEvent(470) - responseCode = 200
2018-10-23 15:55:16 INFO  ApacheHttpClient.sendEvent(470) - responseCode = 200
2018-10-23 15:55:23 INFO  ApacheHttpClient.getWebResourceAsStream(437) - responseCode = 200
2018-10-23 15:55:23 INFO  ApacheHttpClient.getTask(422) - responseCode = 200
2018-10-23 15:55:24 INFO  ApacheHttpClient.getWebResourceAsStream(437) - responseCode = 200
2018-10-23 15:55:26 INFO  ApacheHttpClient.completed(27) - responseCode = 200
2018-10-23 15:56:14 INFO  ApacheHttpClient.getWebResourceAsStream(437) - responseCode = 200
2018-10-23 15:56:14 INFO  ApacheHttpClient.getTask(422) - responseCode = 200
2018-10-23 15:56:14 INFO  ApacheHttpClient.getWebResourceAsStream(437) - responseCode = 200
2018-10-23 15:56:16 INFO  ApacheHttpClient.completed(27) - responseCode = 200
2018-10-23 15:56:16 INFO  ApacheHttpClient.sendEvent(470) - responseCode = 200
2018-10-23 15:57:16 INFO  ApacheHttpClient.sendEvent(470) - responseCode = 200
2018-10-23 15:57:55 INFO  ApacheHttpClient.getWebResourceAsStream(437) - responseCode = 200
2018-10-23 15:57:55 INFO  ApacheHttpClient.getWebResourceAsStream(437) - responseCode = 200
2018-10-23 15:57:55 INFO  ApacheHttpClient.getTask(422) - responseCode = 200
2018-10-23 15:57:58 INFO  ApacheHttpClient.completed(27) - responseCode = 200
2018-10-23 15:57:58 INFO  ApacheHttpClient.getTask(422) - responseCode = 200
2018-10-23 15:58:16 INFO  ApacheHttpClient.sendEvent(470) - responseCode = 200
2018-10-23 15:59:16 INFO  ApacheHttpClient.sendEvent(470) - responseCode = 200
2018-10-23 16:00:16 INFO  ApacheHttpClient.sendEvent(470) - responseCode = 200
2018-10-23 16:01:16 INFO  ApacheHttpClient.sendEvent(470) - responseCode = 200
2018-10-23 16:02:16 INFO  ApacheHttpClient.sendEvent(470) - responseCode = 200
2018-10-23 16:03:16 INFO  ApacheHttpClient.sendEvent(470) - responseCode = 200
2018-10-23 16:04:16 INFO  ApacheHttpClient.sendEvent(470) - responseCode = 200
2018-10-23 16:05:16 INFO  ApacheHttpClient.sendEvent(470) - responseCode = 200
2018-10-23 16:06:16 INFO  ApacheHttpClient.sendEvent(470) - responseCode = 200
2018-10-23 16:07:16 INFO  ApacheHttpClient.sendEvent(470) - responseCode = 200
2018-10-23 16:08:16 INFO  ApacheHttpClient.sendEvent(470) - responseCode = 200
2018-10-23 16:09:14 INFO  ApacheHttpClient.getWebResourceAsStream(437) - responseCode = 200
2018-10-23 16:09:14 INFO  ApacheHttpClient.getFilteredTasks(324) - responseCode = 200
2018-10-23 16:09:16 INFO  ApacheHttpClient.sendEvent(470) - responseCode = 200
2018-10-23 16:09:17 INFO  ApacheHttpClient.getTaskTemplateInfo(341) - responseCode = 200
2018-10-23 16:09:19 INFO  ApacheHttpClient.testConnection(187) - responseCode = 200
2018-10-23 16:09:19 INFO  ApacheHttpClient.testConnection(198) - result = true
2018-10-23 16:09:19 INFO  ApacheHttpClient.testConnection(187) - responseCode = 200
2018-10-23 16:09:19 INFO  ApacheHttpClient.testConnection(198) - result = true
2018-10-23 16:09:19 INFO  ApacheHttpClient.getWebResourceAsStream(437) - responseCode = 200
2018-10-23 16:10:16 INFO  ApacheHttpClient.sendEvent(470) - responseCode = 200
2018-10-23 16:11:16 INFO  ApacheHttpClient.sendEvent(470) - responseCode = 200
2018-10-23 16:12:16 INFO  ApacheHttpClient.sendEvent(470) - responseCode = 200
2018-10-23 16:13:16 INFO  ApacheHttpClient.sendEvent(470) - responseCode = 200
2018-10-23 16:14:16 INFO  ApacheHttpClient.sendEvent(470) - responseCode = 200
2018-10-23 16:15:16 INFO  ApacheHttpClient.sendEvent(470) - responseCode = 200
2018-10-23 16:16:16 INFO  ApacheHttpClient.sendEvent(470) - responseCode = 200
2018-10-23 16:17:16 INFO  ApacheHttpClient.sendEvent(470) - responseCode = 200
2018-10-23 16:18:16 INFO  ApacheHttpClient.sendEvent(470) - responseCode = 200
2018-10-23 16:19:16 INFO  ApacheHttpClient.sendEvent(470) - responseCode = 200
2018-10-23 16:20:16 INFO  ApacheHttpClient.sendEvent(470) - responseCode = 200
2018-10-23 16:21:16 INFO  ApacheHttpClient.sendEvent(470) - responseCode = 200
2018-10-23 16:22:16 INFO  ApacheHttpClient.sendEvent(470) - responseCode = 200
2018-10-23 16:23:16 INFO  ApacheHttpClient.sendEvent(470) - responseCode = 200
2018-10-23 16:24:16 INFO  ApacheHttpClient.sendEvent(470) - responseCode = 200
2018-10-23 16:25:16 INFO  ApacheHttpClient.sendEvent(470) - responseCode = 200
2018-10-23 16:26:16 INFO  ApacheHttpClient.sendEvent(470) - responseCode = 200
2018-10-23 16:26:44 INFO  ApacheHttpClient.getWebResourceAsStream(437) - responseCode = 200
2018-10-23 16:26:44 INFO  ApacheHttpClient.getTask(422) - responseCode = 200
2018-10-23 16:27:16 INFO  ApacheHttpClient.sendEvent(470) - responseCode = 200
2018-10-23 16:28:16 INFO  ApacheHttpClient.sendEvent(470) - responseCode = 200
2018-10-23 16:29:16 INFO  ApacheHttpClient.sendEvent(470) - responseCode = 200
2018-10-23 16:30:12 INFO  ApacheHttpClient.getWebResourceAsStream(437) - responseCode = 200
2018-10-23 16:30:13 INFO  ApacheHttpClient.getTask(422) - responseCode = 200
2018-10-23 16:30:13 INFO  ApacheHttpClient.getWebResourceAsStream(437) - responseCode = 200
2018-10-23 16:30:14 INFO  ApacheHttpClient.completed(27) - responseCode = 200
2018-10-23 16:30:16 INFO  ApacheHttpClient.sendEvent(470) - responseCode = 200
2018-10-23 16:31:16 INFO  ApacheHttpClient.sendEvent(470) - responseCode = 200
2018-10-23 16:32:16 INFO  ApacheHttpClient.sendEvent(470) - responseCode = 200
2018-10-23 16:33:16 INFO  ApacheHttpClient.sendEvent(470) - responseCode = 200
2018-10-23 16:34:16 INFO  ApacheHttpClient.sendEvent(470) - responseCode = 200
2018-10-23 16:35:16 INFO  ApacheHttpClient.sendEvent(470) - responseCode = 200
2018-10-23 16:36:03 INFO  ApacheHttpClient.getWebResourceAsStream(437) - responseCode = 200
2018-10-23 16:36:03 INFO  ApacheHttpClient.getTask(422) - responseCode = 200
2018-10-23 16:36:03 INFO  ApacheHttpClient.getWebResourceAsStream(437) - responseCode = 200
2018-10-23 16:36:04 INFO  ApacheHttpClient.completed(27) - responseCode = 200
2018-10-23 16:36:16 INFO  ApacheHttpClient.sendEvent(470) - responseCode = 200
2018-10-23 16:37:16 INFO  ApacheHttpClient.sendEvent(470) - responseCode = 200
2018-10-23 16:37:20 INFO  ApacheHttpClient.getWebResourceAsStream(437) - responseCode = 200
2018-10-23 16:37:21 INFO  ApacheHttpClient.getTask(422) - responseCode = 200
2018-10-23 16:37:21 INFO  ApacheHttpClient.getWebResourceAsStream(437) - responseCode = 200
2018-10-23 16:37:22 INFO  ApacheHttpClient.completed(27) - responseCode = 200
2018-10-23 16:37:22 INFO  ApacheHttpClient.getTask(422) - responseCode = 200
2018-10-23 16:37:25 INFO  ApacheHttpClient.getWebResourceAsStream(437) - responseCode = 200
2018-10-23 16:37:25 INFO  ApacheHttpClient.getFilteredTasks(324) - responseCode = 200
2018-10-23 16:37:28 INFO  ApacheHttpClient.getTaskTemplateInfo(341) - responseCode = 200
2018-10-23 16:37:30 INFO  ApacheHttpClient.testConnection(187) - responseCode = 200
2018-10-23 16:37:30 INFO  ApacheHttpClient.testConnection(198) - result = true
2018-10-23 16:37:30 INFO  ApacheHttpClient.testConnection(187) - responseCode = 200
2018-10-23 16:37:30 INFO  ApacheHttpClient.testConnection(198) - result = true
2018-10-23 16:37:30 INFO  ApacheHttpClient.getWebResourceAsStream(437) - responseCode = 200
2018-10-23 16:38:16 INFO  ApacheHttpClient.sendEvent(470) - responseCode = 200
2018-10-23 16:39:16 INFO  ApacheHttpClient.sendEvent(470) - responseCode = 200
2018-10-23 16:40:16 INFO  ApacheHttpClient.sendEvent(470) - responseCode = 200
2018-10-23 16:41:16 INFO  ApacheHttpClient.sendEvent(470) - responseCode = 200
2018-10-23 16:42:16 INFO  ApacheHttpClient.sendEvent(470) - responseCode = 200
2018-10-23 16:43:16 INFO  ApacheHttpClient.sendEvent(470) - responseCode = 200
2018-10-23 16:44:16 INFO  ApacheHttpClient.sendEvent(470) - responseCode = 200
2018-10-23 16:45:16 INFO  ApacheHttpClient.sendEvent(470) - responseCode = 200
2018-10-23 16:46:16 INFO  ApacheHttpClient.sendEvent(470) - responseCode = 200
2018-10-23 16:47:16 INFO  ApacheHttpClient.sendEvent(470) - responseCode = 200
2018-10-23 16:48:16 INFO  ApacheHttpClient.sendEvent(470) - responseCode = 200
2018-10-23 16:49:16 INFO  ApacheHttpClient.sendEvent(470) - responseCode = 200
2018-10-23 16:50:16 INFO  ApacheHttpClient.sendEvent(470) - responseCode = 200
2018-10-23 16:51:16 INFO  ApacheHttpClient.sendEvent(470) - responseCode = 200
2018-10-23 16:52:16 INFO  ApacheHttpClient.sendEvent(470) - responseCode = 200
2018-10-23 16:53:16 INFO  ApacheHttpClient.sendEvent(470) - responseCode = 200
2018-10-23 16:54:16 INFO  ApacheHttpClient.sendEvent(470) - responseCode = 200
2018-10-23 16:55:16 INFO  ApacheHttpClient.sendEvent(470) - responseCode = 200
2018-10-23 16:56:16 INFO  ApacheHttpClient.sendEvent(470) - responseCode = 200
2018-10-23 16:57:16 INFO  ApacheHttpClient.sendEvent(470) - responseCode = 200
2018-10-23 16:58:21 ERROR ApacheHttpClient.processExceptionSendEvent(102) - (super) Ошибка во время отправки ивента на сервер.
2018-10-23 16:59:16 INFO  ApacheHttpClient.sendEvent(470) - responseCode = 200
2018-10-23 17:00:16 INFO  ApacheHttpClient.sendEvent(470) - responseCode = 200
2018-10-23 17:01:16 INFO  ApacheHttpClient.sendEvent(470) - responseCode = 200
2018-10-23 17:02:16 INFO  ApacheHttpClient.sendEvent(470) - responseCode = 200
2018-10-23 17:03:16 INFO  ApacheHttpClient.sendEvent(470) - responseCode = 200
2018-10-23 17:04:16 INFO  ApacheHttpClient.sendEvent(470) - responseCode = 200
2018-10-23 17:05:16 INFO  ApacheHttpClient.sendEvent(470) - responseCode = 200
2018-10-23 17:05:18 INFO  ApacheHttpClient.getWebResourceAsStream(437) - responseCode = 200
2018-10-23 17:05:19 INFO  ApacheHttpClient.getTask(422) - responseCode = 200
2018-10-23 17:06:16 INFO  ApacheHttpClient.sendEvent(470) - responseCode = 200
2018-10-23 17:07:16 INFO  ApacheHttpClient.sendEvent(470) - responseCode = 200
2018-10-23 17:08:16 INFO  ApacheHttpClient.sendEvent(470) - responseCode = 200
2018-10-23 17:09:16 INFO  ApacheHttpClient.sendEvent(470) - responseCode = 200
2018-10-23 17:10:16 INFO  ApacheHttpClient.sendEvent(470) - responseCode = 200
2018-10-23 17:11:16 INFO  ApacheHttpClient.sendEvent(470) - responseCode = 200
2018-10-23 17:12:16 INFO  ApacheHttpClient.sendEvent(470) - responseCode = 200
2018-10-23 17:13:16 INFO  ApacheHttpClient.sendEvent(470) - responseCode = 200
2018-10-23 17:14:16 INFO  ApacheHttpClient.sendEvent(470) - responseCode = 200
2018-10-23 17:15:16 INFO  ApacheHttpClient.sendEvent(470) - responseCode = 200
2018-10-23 17:16:16 INFO  ApacheHttpClient.sendEvent(470) - responseCode = 200
2018-10-23 17:17:16 INFO  ApacheHttpClient.sendEvent(470) - responseCode = 200
2018-10-23 17:18:16 INFO  ApacheHttpClient.sendEvent(470) - responseCode = 200
2018-10-23 17:19:16 INFO  ApacheHttpClient.sendEvent(470) - responseCode = 200
2018-10-23 17:20:16 INFO  ApacheHttpClient.sendEvent(470) - responseCode = 200
2018-10-23 17:21:16 INFO  ApacheHttpClient.sendEvent(470) - responseCode = 200
2018-10-23 17:22:16 INFO  ApacheHttpClient.sendEvent(470) - responseCode = 200
2018-10-23 17:23:16 INFO  ApacheHttpClient.sendEvent(470) - responseCode = 200
2018-10-23 17:24:16 INFO  ApacheHttpClient.sendEvent(470) - responseCode = 200
2018-10-23 17:25:16 INFO  ApacheHttpClient.sendEvent(470) - responseCode = 200
2018-10-23 17:26:16 INFO  ApacheHttpClient.sendEvent(470) - responseCode = 200
2018-10-23 17:27:16 INFO  ApacheHttpClient.sendEvent(470) - responseCode = 200
2018-10-23 17:28:16 INFO  ApacheHttpClient.sendEvent(470) - responseCode = 200
2018-10-23 17:29:26 INFO  ApacheHttpClient.sendEvent(470) - responseCode = 200
2018-10-23 17:30:16 INFO  ApacheHttpClient.sendEvent(470) - responseCode = 200
2018-10-23 17:31:16 INFO  ApacheHttpClient.sendEvent(470) - responseCode = 200
2018-10-23 17:32:16 INFO  ApacheHttpClient.sendEvent(470) - responseCode = 200
2018-10-23 17:33:16 INFO  ApacheHttpClient.sendEvent(470) - responseCode = 200
2018-10-23 17:34:16 INFO  ApacheHttpClient.sendEvent(470) - responseCode = 200
2018-10-23 17:35:16 INFO  ApacheHttpClient.sendEvent(470) - responseCode = 200
2018-10-23 17:36:16 INFO  ApacheHttpClient.sendEvent(470) - responseCode = 200
2018-10-23 17:37:16 INFO  ApacheHttpClient.sendEvent(470) - responseCode = 200
2018-10-23 17:38:16 INFO  ApacheHttpClient.sendEvent(470) - responseCode = 200
2018-10-23 17:39:16 INFO  ApacheHttpClient.sendEvent(470) - responseCode = 200
2018-10-23 17:40:16 INFO  ApacheHttpClient.sendEvent(470) - responseCode = 200
2018-10-23 17:41:16 INFO  ApacheHttpClient.sendEvent(470) - responseCode = 200
2018-10-23 17:42:16 INFO  ApacheHttpClient.sendEvent(470) - responseCode = 200
2018-10-23 17:43:16 INFO  ApacheHttpClient.sendEvent(470) - responseCode = 200
2018-10-23 17:44:16 INFO  ApacheHttpClient.sendEvent(470) - responseCode = 200
2018-10-23 17:45:16 INFO  ApacheHttpClient.sendEvent(470) - responseCode = 200
2018-10-23 17:46:16 INFO  ApacheHttpClient.sendEvent(470) - responseCode = 200
2018-10-23 17:47:16 INFO  ApacheHttpClient.sendEvent(470) - responseCode = 200
2018-10-23 17:48:16 INFO  ApacheHttpClient.sendEvent(470) - responseCode = 200
2018-10-23 17:49:16 INFO  ApacheHttpClient.sendEvent(470) - responseCode = 200
2018-10-23 17:50:16 INFO  ApacheHttpClient.sendEvent(470) - responseCode = 200
2018-10-23 17:51:16 INFO  ApacheHttpClient.sendEvent(470) - responseCode = 200
2018-10-23 17:52:16 INFO  ApacheHttpClient.sendEvent(470) - responseCode = 200
2018-10-23 17:53:16 INFO  ApacheHttpClient.sendEvent(470) - responseCode = 200
2018-10-23 17:54:16 INFO  ApacheHttpClient.sendEvent(470) - responseCode = 200
2018-10-23 17:55:16 INFO  ApacheHttpClient.sendEvent(470) - responseCode = 200
2018-10-23 17:56:16 INFO  ApacheHttpClient.sendEvent(470) - responseCode = 200
2018-10-23 17:57:16 INFO  ApacheHttpClient.sendEvent(470) - responseCode = 200
2018-10-23 17:58:16 INFO  ApacheHttpClient.sendEvent(470) - responseCode = 200
2018-10-23 17:58:47 INFO  ApacheHttpClient.getWebResourceAsStream(437) - responseCode = 200
2018-10-23 17:58:48 INFO  ApacheHttpClient.getTask(422) - responseCode = 200
2018-10-23 17:58:48 INFO  ApacheHttpClient.completed(27) - responseCode = 200
2018-10-23 17:58:49 INFO  ApacheHttpClient.getWebResourceAsStream(437) - responseCode = 200
2018-10-23 17:59:09 INFO  ApacheHttpClient.getWebResourceAsStream(437) - responseCode = 200
2018-10-23 17:59:09 INFO  ApacheHttpClient.getTask(422) - responseCode = 200
2018-10-23 17:59:10 INFO  ApacheHttpClient.getWebResourceAsStream(437) - responseCode = 200
2018-10-23 17:59:10 INFO  ApacheHttpClient.completed(27) - responseCode = 200
2018-10-23 17:59:16 INFO  ApacheHttpClient.sendEvent(470) - responseCode = 200
2018-10-23 18:00:16 INFO  ApacheHttpClient.sendEvent(470) - responseCode = 200
2018-10-23 18:01:16 INFO  ApacheHttpClient.sendEvent(470) - responseCode = 200
2018-10-23 18:02:16 INFO  ApacheHttpClient.sendEvent(470) - responseCode = 200
2018-10-23 18:03:16 INFO  ApacheHttpClient.sendEvent(470) - responseCode = 200
2018-10-23 18:04:16 INFO  ApacheHttpClient.sendEvent(470) - responseCode = 200
2018-10-23 18:05:16 INFO  ApacheHttpClient.sendEvent(470) - responseCode = 200
2018-10-23 18:06:16 INFO  ApacheHttpClient.sendEvent(470) - responseCode = 200
2018-10-23 18:07:16 INFO  ApacheHttpClient.sendEvent(470) - responseCode = 200
2018-10-23 18:08:16 INFO  ApacheHttpClient.sendEvent(470) - responseCode = 200
2018-10-23 18:09:16 INFO  ApacheHttpClient.sendEvent(470) - responseCode = 200
2018-10-23 18:10:16 INFO  ApacheHttpClient.sendEvent(470) - responseCode = 200
2018-10-23 18:11:16 INFO  ApacheHttpClient.sendEvent(470) - responseCode = 200
2018-10-23 18:12:14 INFO  ApacheHttpClient.getWebResourceAsStream(437) - responseCode = 200
2018-10-23 18:12:14 INFO  ApacheHttpClient.getTask(422) - responseCode = 200
2018-10-23 18:12:14 INFO  ApacheHttpClient.getWebResourceAsStream(437) - responseCode = 200
2018-10-23 18:12:16 INFO  ApacheHttpClient.sendEvent(470) - responseCode = 200
2018-10-23 18:12:16 INFO  ApacheHttpClient.completed(27) - responseCode = 200
2018-10-23 18:12:16 INFO  ApacheHttpClient.getTask(422) - responseCode = 200
2018-10-23 18:12:20 INFO  ApacheHttpClient.getWebResourceAsStream(437) - responseCode = 200
2018-10-23 18:12:20 INFO  ApacheHttpClient.getFilteredTasks(324) - responseCode = 200
2018-10-23 18:12:23 INFO  ApacheHttpClient.getTaskTemplateInfo(341) - responseCode = 200
2018-10-23 18:12:25 INFO  ApacheHttpClient.testConnection(187) - responseCode = 200
2018-10-23 18:12:25 INFO  ApacheHttpClient.testConnection(198) - result = true
2018-10-23 18:12:25 INFO  ApacheHttpClient.testConnection(187) - responseCode = 200
2018-10-23 18:12:25 INFO  ApacheHttpClient.testConnection(198) - result = true
2018-10-23 18:12:25 INFO  ApacheHttpClient.getWebResourceAsStream(437) - responseCode = 200
2018-10-23 18:13:16 INFO  ApacheHttpClient.sendEvent(470) - responseCode = 200
2018-10-23 18:14:16 INFO  ApacheHttpClient.sendEvent(470) - responseCode = 200
2018-10-23 18:14:34 INFO  ApacheHttpClient.getWebResourceAsStream(437) - responseCode = 200
2018-10-23 18:14:35 INFO  ApacheHttpClient.getTask(422) - responseCode = 200
2018-10-23 18:14:35 INFO  ApacheHttpClient.getWebResourceAsStream(437) - responseCode = 200
2018-10-23 18:14:36 INFO  ApacheHttpClient.completed(27) - responseCode = 200
2018-10-23 18:14:36 INFO  ApacheHttpClient.getTask(422) - responseCode = 200
2018-10-23 18:14:42 INFO  ApacheHttpClient.getWebResourceAsStream(437) - responseCode = 200
2018-10-23 18:14:43 INFO  ApacheHttpClient.getFilteredTasks(324) - responseCode = 200
2018-10-23 18:15:16 INFO  ApacheHttpClient.sendEvent(470) - responseCode = 200
2018-10-23 18:16:16 INFO  ApacheHttpClient.sendEvent(470) - responseCode = 200
2018-10-23 18:17:16 INFO  ApacheHttpClient.sendEvent(470) - responseCode = 200
2018-10-23 18:18:16 INFO  ApacheHttpClient.sendEvent(470) - responseCode = 200
2018-10-23 18:19:16 INFO  ApacheHttpClient.sendEvent(470) - responseCode = 200
2018-10-23 18:20:16 INFO  ApacheHttpClient.sendEvent(470) - responseCode = 200
2018-10-23 18:21:16 INFO  ApacheHttpClient.sendEvent(470) - responseCode = 200
2018-10-23 18:22:16 INFO  ApacheHttpClient.sendEvent(470) - responseCode = 200
2018-10-23 18:23:16 INFO  ApacheHttpClient.sendEvent(470) - responseCode = 200
2018-10-23 18:24:16 INFO  ApacheHttpClient.sendEvent(470) - responseCode = 200
2018-10-23 18:25:16 INFO  ApacheHttpClient.sendEvent(470) - responseCode = 200
2018-10-23 18:26:16 INFO  ApacheHttpClient.sendEvent(470) - responseCode = 200
2018-10-23 18:27:16 INFO  ApacheHttpClient.sendEvent(470) - responseCode = 200
2018-10-23 18:28:16 INFO  ApacheHttpClient.sendEvent(470) - responseCode = 200
2018-10-23 18:29:16 INFO  ApacheHttpClient.sendEvent(470) - responseCode = 200
2018-10-23 18:30:16 INFO  ApacheHttpClient.sendEvent(470) - responseCode = 200
2018-10-23 18:31:16 INFO  ApacheHttpClient.sendEvent(470) - responseCode = 200
2018-10-23 18:32:16 INFO  ApacheHttpClient.sendEvent(470) - responseCode = 200
2018-10-23 18:33:16 INFO  ApacheHttpClient.sendEvent(470) - responseCode = 200
2018-10-23 18:34:16 INFO  ApacheHttpClient.sendEvent(470) - responseCode = 200
2018-10-23 18:35:16 INFO  ApacheHttpClient.sendEvent(470) - responseCode = 200
2018-10-23 18:36:16 INFO  ApacheHttpClient.sendEvent(470) - responseCode = 200
2018-10-23 18:37:16 INFO  ApacheHttpClient.sendEvent(470) - responseCode = 200
2018-10-23 18:38:16 INFO  ApacheHttpClient.sendEvent(470) - responseCode = 200
2018-10-23 18:39:16 INFO  ApacheHttpClient.sendEvent(470) - responseCode = 200
2018-10-23 18:40:16 INFO  ApacheHttpClient.sendEvent(470) - responseCode = 200
2018-10-23 18:41:16 INFO  ApacheHttpClient.sendEvent(470) - responseCode = 200
2018-10-23 18:42:16 INFO  ApacheHttpClient.sendEvent(470) - responseCode = 200
2018-10-23 18:43:16 INFO  ApacheHttpClient.sendEvent(470) - responseCode = 200
2018-10-23 18:44:16 INFO  ApacheHttpClient.sendEvent(470) - responseCode = 200
2018-10-23 18:45:16 INFO  ApacheHttpClient.sendEvent(470) - responseCode = 200
2018-10-23 18:46:16 INFO  ApacheHttpClient.sendEvent(470) - responseCode = 200
2018-10-23 18:47:16 INFO  ApacheHttpClient.sendEvent(470) - responseCode = 200
2018-10-23 18:48:16 INFO  ApacheHttpClient.sendEvent(470) - responseCode = 200
2018-10-23 18:49:16 INFO  ApacheHttpClient.sendEvent(470) - responseCode = 200
2018-10-23 18:50:16 INFO  ApacheHttpClient.sendEvent(470) - responseCode = 200
2018-10-23 18:51:16 INFO  ApacheHttpClient.sendEvent(470) - responseCode = 200
2018-10-23 18:52:16 INFO  ApacheHttpClient.sendEvent(470) - responseCode = 200
2018-10-23 18:53:16 INFO  ApacheHttpClient.sendEvent(470) - responseCode = 200
2018-10-23 18:54:16 INFO  ApacheHttpClient.sendEvent(470) - responseCode = 200
2018-10-23 18:55:16 INFO  ApacheHttpClient.sendEvent(470) - responseCode = 200
2018-10-23 18:56:16 INFO  ApacheHttpClient.sendEvent(470) - responseCode = 200
2018-10-23 18:57:16 INFO  ApacheHttpClient.sendEvent(470) - responseCode = 200
2018-10-23 18:58:16 INFO  ApacheHttpClient.sendEvent(470) - responseCode = 200
2018-10-23 18:59:16 INFO  ApacheHttpClient.sendEvent(470) - responseCode = 200
2018-10-23 19:00:16 INFO  ApacheHttpClient.sendEvent(470) - responseCode = 200
2018-10-23 19:01:16 INFO  ApacheHttpClient.sendEvent(470) - responseCode = 200
2018-10-23 19:02:16 INFO  ApacheHttpClient.sendEvent(470) - responseCode = 200
2018-10-23 19:03:16 INFO  ApacheHttpClient.sendEvent(470) - responseCode = 200
2018-10-23 19:04:16 INFO  ApacheHttpClient.sendEvent(470) - responseCode = 200
2018-10-23 19:05:16 INFO  ApacheHttpClient.sendEvent(470) - responseCode = 200
2018-10-23 19:06:16 INFO  ApacheHttpClient.sendEvent(470) - responseCode = 200
2018-10-23 19:07:16 INFO  ApacheHttpClient.sendEvent(470) - responseCode = 200
2018-10-23 19:08:16 INFO  ApacheHttpClient.sendEvent(470) - responseCode = 200
2018-10-23 19:09:16 INFO  ApacheHttpClient.sendEvent(470) - responseCode = 200
2018-10-23 19:10:16 INFO  ApacheHttpClient.sendEvent(470) - responseCode = 200
2018-10-23 19:11:16 INFO  ApacheHttpClient.sendEvent(470) - responseCode = 200
2018-10-23 19:12:16 INFO  ApacheHttpClient.sendEvent(470) - responseCode = 200
2018-10-23 19:13:16 INFO  ApacheHttpClient.sendEvent(470) - responseCode = 200
2018-10-23 19:14:16 INFO  ApacheHttpClient.sendEvent(470) - responseCode = 200
2018-10-23 19:15:16 INFO  ApacheHttpClient.sendEvent(470) - responseCode = 200
2018-10-23 19:16:16 INFO  ApacheHttpClient.sendEvent(470) - responseCode = 200
2018-10-23 19:17:16 INFO  ApacheHttpClient.sendEvent(470) - responseCode = 200
2018-10-23 19:18:16 INFO  ApacheHttpClient.sendEvent(470) - responseCode = 200
2018-10-23 19:19:16 INFO  ApacheHttpClient.sendEvent(470) - responseCode = 200
2018-10-23 19:20:16 INFO  ApacheHttpClient.sendEvent(470) - responseCode = 200
2018-10-23 19:21:16 INFO  ApacheHttpClient.sendEvent(470) - responseCode = 200
2018-10-23 19:22:16 INFO  ApacheHttpClient.sendEvent(470) - responseCode = 200
2018-10-23 19:23:16 INFO  ApacheHttpClient.sendEvent(470) - responseCode = 200
2018-10-23 19:24:16 INFO  ApacheHttpClient.sendEvent(470) - responseCode = 200
2018-10-23 19:25:16 INFO  ApacheHttpClient.sendEvent(470) - responseCode = 200
2018-10-23 19:26:17 INFO  ApacheHttpClient.sendEvent(470) - responseCode = 200
2018-10-23 19:27:16 INFO  ApacheHttpClient.sendEvent(470) - responseCode = 200
2018-10-23 19:28:16 INFO  ApacheHttpClient.sendEvent(470) - responseCode = 200
2018-10-23 19:29:16 INFO  ApacheHttpClient.sendEvent(470) - responseCode = 200
2018-10-23 19:30:16 INFO  ApacheHttpClient.sendEvent(470) - responseCode = 200
2018-10-23 19:31:16 INFO  ApacheHttpClient.sendEvent(470) - responseCode = 200
2018-10-23 19:32:16 INFO  ApacheHttpClient.sendEvent(470) - responseCode = 200
2018-10-23 19:33:16 INFO  ApacheHttpClient.sendEvent(470) - responseCode = 200
2018-10-23 19:34:16 INFO  ApacheHttpClient.sendEvent(470) - responseCode = 200
2018-10-23 19:35:16 INFO  ApacheHttpClient.sendEvent(470) - responseCode = 200
2018-10-23 19:36:16 INFO  ApacheHttpClient.sendEvent(470) - responseCode = 200
2018-10-23 19:37:16 INFO  ApacheHttpClient.sendEvent(470) - responseCode = 200
2018-10-23 19:38:16 INFO  ApacheHttpClient.sendEvent(470) - responseCode = 200
2018-10-23 19:39:16 INFO  ApacheHttpClient.sendEvent(470) - responseCode = 200
2018-10-23 19:40:16 INFO  ApacheHttpClient.sendEvent(470) - responseCode = 200
2018-10-23 19:41:16 INFO  ApacheHttpClient.sendEvent(470) - responseCode = 200
2018-10-23 19:42:16 INFO  ApacheHttpClient.sendEvent(470) - responseCode = 200
2018-10-23 19:43:16 INFO  ApacheHttpClient.sendEvent(470) - responseCode = 200
2018-10-23 19:44:16 INFO  ApacheHttpClient.sendEvent(470) - responseCode = 200
2018-10-23 19:45:16 INFO  ApacheHttpClient.sendEvent(470) - responseCode = 200
2018-10-23 19:46:16 INFO  ApacheHttpClient.sendEvent(470) - responseCode = 200
2018-10-23 19:47:22 ERROR ApacheHttpClient.processExceptionSendEvent(102) - (super) Ошибка во время отправки ивента на сервер.
2018-10-23 19:48:16 INFO  ApacheHttpClient.sendEvent(470) - responseCode = 200
2018-10-23 19:49:16 INFO  ApacheHttpClient.sendEvent(470) - responseCode = 200
2018-10-23 19:50:16 INFO  ApacheHttpClient.sendEvent(470) - responseCode = 200
2018-10-23 19:51:16 INFO  ApacheHttpClient.sendEvent(470) - responseCode = 200
2018-10-23 19:52:18 INFO  ApacheHttpClient.sendEvent(470) - responseCode = 200
2018-10-23 19:53:16 INFO  ApacheHttpClient.sendEvent(470) - responseCode = 200
2018-10-23 19:54:16 INFO  ApacheHttpClient.sendEvent(470) - responseCode = 200
2018-10-23 19:55:16 INFO  ApacheHttpClient.sendEvent(470) - responseCode = 200
2018-10-23 19:56:17 INFO  ApacheHttpClient.sendEvent(470) - responseCode = 200
2018-10-23 19:57:16 INFO  ApacheHttpClient.sendEvent(470) - responseCode = 200
2018-10-23 19:58:16 INFO  ApacheHttpClient.sendEvent(470) - responseCode = 200
2018-10-23 19:59:16 INFO  ApacheHttpClient.sendEvent(470) - responseCode = 200
2018-10-23 20:00:17 INFO  ApacheHttpClient.sendEvent(470) - responseCode = 200
2018-10-23 20:01:16 INFO  ApacheHttpClient.sendEvent(470) - responseCode = 200
2018-10-23 20:02:16 INFO  ApacheHttpClient.sendEvent(470) - responseCode = 200
2018-10-23 20:03:16 INFO  ApacheHttpClient.sendEvent(470) - responseCode = 200
2018-10-23 20:04:17 INFO  ApacheHttpClient.sendEvent(470) - responseCode = 200
2018-10-23 20:05:16 INFO  ApacheHttpClient.sendEvent(470) - responseCode = 200
2018-10-23 20:06:16 INFO  ApacheHttpClient.sendEvent(470) - responseCode = 200
2018-10-23 20:07:16 INFO  ApacheHttpClient.sendEvent(470) - responseCode = 200
2018-10-23 20:08:16 INFO  ApacheHttpClient.sendEvent(470) - responseCode = 200
2018-10-23 20:09:16 INFO  ApacheHttpClient.sendEvent(470) - responseCode = 200
2018-10-23 20:10:16 INFO  ApacheHttpClient.sendEvent(470) - responseCode = 200
2018-10-23 20:11:16 INFO  ApacheHttpClient.sendEvent(470) - responseCode = 200
2018-10-23 20:12:16 INFO  ApacheHttpClient.sendEvent(470) - responseCode = 200
2018-10-23 20:13:17 INFO  ApacheHttpClient.sendEvent(470) - responseCode = 200
2018-10-23 20:14:16 INFO  ApacheHttpClient.sendEvent(470) - responseCode = 200
2018-10-23 20:15:16 INFO  ApacheHttpClient.sendEvent(470) - responseCode = 200
2018-10-23 20:16:18 INFO  ApacheHttpClient.sendEvent(470) - responseCode = 200
2018-10-23 20:17:16 INFO  ApacheHttpClient.sendEvent(470) - responseCode = 200
2018-10-23 20:18:16 INFO  ApacheHttpClient.sendEvent(470) - responseCode = 200
2018-10-23 20:19:16 INFO  ApacheHttpClient.sendEvent(470) - responseCode = 200
2018-10-23 20:20:16 INFO  ApacheHttpClient.sendEvent(470) - responseCode = 200
2018-10-23 20:21:16 INFO  ApacheHttpClient.sendEvent(470) - responseCode = 200
2018-10-23 20:22:16 INFO  ApacheHttpClient.sendEvent(470) - responseCode = 200
2018-10-23 20:23:16 INFO  ApacheHttpClient.sendEvent(470) - responseCode = 200
2018-10-23 20:24:16 INFO  ApacheHttpClient.sendEvent(470) - responseCode = 200
2018-10-23 20:25:16 INFO  ApacheHttpClient.sendEvent(470) - responseCode = 200
2018-10-23 20:26:16 INFO  ApacheHttpClient.sendEvent(470) - responseCode = 200
2018-10-23 20:27:16 INFO  ApacheHttpClient.sendEvent(470) - responseCode = 200
2018-10-23 20:28:16 INFO  ApacheHttpClient.sendEvent(470) - responseCode = 200
2018-10-23 20:29:16 INFO  ApacheHttpClient.sendEvent(470) - responseCode = 200
2018-10-23 20:30:16 INFO  ApacheHttpClient.sendEvent(470) - responseCode = 200
2018-10-23 20:31:16 INFO  ApacheHttpClient.sendEvent(470) - responseCode = 200
2018-10-23 20:32:16 INFO  ApacheHttpClient.sendEvent(470) - responseCode = 200
